\BOOKMARK [0][-]{chapter.1}{\376\377\122\115\212\000}{}% 1
\BOOKMARK [0][-]{chapter.2}{\376\377\147\150\143\057\133\201\145\131\143\210\166\204\133\146\147\057\215\041\163\056\116\016\133\207\133\231\147\054\213\272\166\204\121\163\200\124}{}% 2
\BOOKMARK [1][-]{section.2.1}{\376\377\147\150\000-\174\163\134\024\145\257\211\304\203\003\127\072\164\006\213\272\151\202\217\360}{chapter.2}% 3
\BOOKMARK [1][-]{section.2.2}{\376\377\133\207\133\231\176\337\116\000\127\072\211\302\160\271}{chapter.2}% 4
\BOOKMARK [1][-]{section.2.3}{\376\377\147\150\000-\135\364\121\113\145\257\162\171\145\271\172\013\116\016\123\357\171\357\174\373\176\337}{chapter.2}% 5
\BOOKMARK [1][-]{section.2.4}{\376\377\147\150\145\131\143\210\133\371\133\371\171\360\140\047\116\016\133\210\140\122\133\232\137\213\166\204\215\041\163\056}{chapter.2}% 6
\BOOKMARK [1][-]{section.2.5}{\376\377\116\316\147\150\145\131\143\210\135\345\117\134\122\060\133\207\133\231\147\054\213\272\166\204\164\006\213\272\176\277\175\042}{chapter.2}% 7
\BOOKMARK [0][-]{chapter.3}{\376\377\133\207\133\231\147\054\213\272\166\204\150\070\137\303\140\035\140\363}{}% 8
\BOOKMARK [1][-]{section.3.1}{\376\377\176\335\133\371\220\022\137\122\147\054\156\220\121\154\164\006}{chapter.3}% 9
\BOOKMARK [1][-]{section.3.2}{\376\377\116\214\121\103\116\000\117\123\121\154\164\006}{chapter.3}% 10
\BOOKMARK [1][-]{section.3.3}{\376\377\117\341\140\157\147\054\117\123\121\154\164\006}{chapter.3}% 11
\BOOKMARK [1][-]{section.3.4}{\376\377\000X\000O\000R\116\016\000S\000H\000I\000F\000T\144\315\117\134\166\204\164\006\213\272\127\372\170\100}{chapter.3}% 12
\BOOKMARK [2][-]{subsection.3.4.1}{\376\377\000F\000L\000I\000P\144\315\117\134}{section.3.4}% 13
\BOOKMARK [2][-]{subsection.3.4.2}{\376\377\000X\000O\000R\144\315\117\134}{section.3.4}% 14
\BOOKMARK [2][-]{subsection.3.4.3}{\376\377\000S\000H\000I\000F\000T\144\315\117\134}{section.3.4}% 15
\BOOKMARK [1][-]{section.3.5}{\376\377\164\006\213\272\176\323\147\204\116\016\176\364\136\246\214\061\174\373}{chapter.3}% 16
\BOOKMARK [1][-]{section.3.6}{\376\377\133\207\133\231\162\266\140\001\172\172\225\364\116\016\157\024\123\026\211\304\122\031}{chapter.3}% 17
\BOOKMARK [1][-]{section.3.7}{\376\377\164\006\213\272\166\204\137\142\137\017\123\026\116\045\150\074\140\047}{chapter.3}% 18
\BOOKMARK [0][-]{chapter.4}{\376\377\147\150\000-\174\163\134\024\145\257\164\006\213\272\116\016\133\207\133\231\147\054\213\272\166\204\155\361\134\102\200\124\174\373}{}% 19
\BOOKMARK [1][-]{section.4.1}{\376\377\211\304\203\003\127\072\164\006\213\272\116\016\133\207\133\231\147\054\213\272\166\204\145\160\133\146\176\323\147\204\133\371\153\324}{chapter.4}% 20
\BOOKMARK [1][-]{section.4.2}{\376\377\147\150\000-\174\163\134\024\145\257\133\130\127\050\140\047\116\016\215\050\221\317\177\072\123\343\225\356\230\230\166\204\000X\000O\000R\000-\000S\000H\000I\000F\000T\211\343\121\263\145\271\150\110}{chapter.4}% 21
\BOOKMARK [1][-]{section.4.3}{\376\377\176\337\116\000\127\072\211\306\211\322\116\013\166\204\147\150\000-\174\163\134\024\145\257\164\006\213\272}{chapter.4}% 22
\BOOKMARK [1][-]{section.4.4}{\376\377\133\371\171\360\140\047\116\016\211\304\203\003\123\237\164\006\166\204\117\341\140\157\213\272\211\343\221\312}{chapter.4}% 23
\BOOKMARK [1][-]{section.4.5}{\376\377\147\150\000-\174\163\134\024\145\257\164\006\213\272\166\204\221\317\133\120\123\026\116\016\117\341\140\157\161\265}{chapter.4}% 24
\BOOKMARK [1][-]{section.4.6}{\376\377\164\006\213\272\162\151\164\006\176\337\116\000\150\106\147\266}{chapter.4}% 25
\BOOKMARK [0][-]{chapter.5}{\376\377\123\103\171\247\136\164\145\160\133\146\225\356\230\230\116\016\147\150\000-\174\163\134\024\145\257\164\006\213\272}{}% 26
\BOOKMARK [1][-]{section.5.1}{\376\377\147\150\000-\174\163\134\024\145\257\133\130\127\050\140\047\116\016\215\050\221\317\177\072\123\343\117\134\116\072\123\103\171\247\136\164\225\356\230\230}{chapter.5}% 27
\BOOKMARK [1][-]{section.5.2}{\376\377\133\207\133\231\147\054\213\272\133\371\213\345\225\356\230\230\166\204\137\142\137\017\123\026\211\343\121\263\145\271\150\110}{chapter.5}% 28
\BOOKMARK [2][-]{subsection.5.2.1}{\376\377\000X\000O\000R\000-\000S\000H\000I\000F\000T\210\150\171\072\116\013\166\204\147\150\000-\174\163\134\024\145\257\164\006\213\272}{section.5.2}% 29
\BOOKMARK [2][-]{subsection.5.2.2}{\376\377\000X\000O\000R\000-\000S\000H\000I\000F\000T\116\015\122\250\160\271\164\006\213\272}{section.5.2}% 30
\BOOKMARK [2][-]{subsection.5.2.3}{\376\377\200\375\221\317\154\333\121\375\166\204\221\315\147\204}{section.5.2}% 31
\BOOKMARK [2][-]{subsection.5.2.4}{\376\377\133\130\127\050\140\047\213\301\146\016}{section.5.2}% 32
\BOOKMARK [1][-]{section.5.3}{\376\377\145\160\133\146\116\045\150\074\140\047\116\016\162\151\164\006\141\017\116\111}{chapter.5}% 33
\BOOKMARK [1][-]{section.5.4}{\376\377\215\350\133\146\171\321\211\306\211\322\116\013\166\204\225\356\230\230\211\343\147\220}{chapter.5}% 34
\BOOKMARK [1][-]{section.5.5}{\376\377\211\343\121\263\145\271\150\110\166\204\157\134\127\050\137\161\124\315}{chapter.5}% 35
\BOOKMARK [1][-]{section.5.6}{\376\377\116\016\121\166\116\326\123\103\171\247\136\164\225\356\230\230\166\204\200\124\174\373}{chapter.5}% 36
\BOOKMARK [0][-]{chapter.6}{\376\377\133\207\133\231\147\054\213\272\166\204\122\033\145\260\160\271\116\016\116\367\120\074}{}% 37
\BOOKMARK [1][-]{section.6.1}{\376\377\164\006\213\272\166\204\173\200\155\001\140\047\116\016\137\142\137\017\123\026\116\045\150\074\140\047}{chapter.6}% 38
\BOOKMARK [2][-]{subsection.6.1.1}{\376\377\144\315\117\134\173\200\155\001\140\047}{section.6.1}% 39
\BOOKMARK [2][-]{subsection.6.1.2}{\376\377\137\142\137\017\123\026\116\045\150\074\140\047}{section.6.1}% 40
\BOOKMARK [1][-]{section.6.2}{\376\377\211\343\121\263\162\151\164\006\133\146\150\070\137\303\226\276\230\230\166\204\145\260\211\306\211\322}{chapter.6}% 41
\BOOKMARK [2][-]{subsection.6.2.1}{\376\377\221\317\133\120\137\025\122\233\166\204\176\337\116\000\143\317\217\360}{section.6.2}% 42
\BOOKMARK [2][-]{subsection.6.2.2}{\376\377\133\207\133\231\136\070\145\160\225\356\230\230}{section.6.2}% 43
\BOOKMARK [2][-]{subsection.6.2.3}{\376\377\221\317\133\120\155\113\221\317\225\356\230\230}{section.6.2}% 44
\BOOKMARK [2][-]{subsection.6.2.4}{\376\377\145\366\225\364\116\016\160\355\122\233\133\146\173\054\116\214\133\232\137\213}{section.6.2}% 45
\BOOKMARK [1][-]{section.6.3}{\376\377\143\320\117\233\176\337\116\000\164\006\213\272\150\106\147\266\166\204\200\375\122\233}{chapter.6}% 46
\BOOKMARK [2][-]{subsection.6.3.1}{\376\377\176\364\136\246\214\061\174\373\176\337\116\000}{section.6.3}% 47
\BOOKMARK [2][-]{subsection.6.3.2}{\376\377\162\151\164\006\133\146\127\372\147\054\133\232\137\213\166\204\176\337\116\000\210\150\217\276}{section.6.3}% 48
\BOOKMARK [2][-]{subsection.6.3.3}{\376\377\127\372\170\100\151\202\137\365\166\204\147\054\156\220\140\047\211\343\221\312}{section.6.3}% 49
\BOOKMARK [1][-]{section.6.4}{\376\377\147\052\147\145\123\321\134\125\116\016\133\236\232\214\232\214\213\301\122\115\146\157}{chapter.6}% 50
\BOOKMARK [2][-]{subsection.6.4.1}{\376\377\123\357\232\214\213\301\166\204\162\151\164\006\230\204\155\113}{section.6.4}% 51
\BOOKMARK [2][-]{subsection.6.4.2}{\376\377\213\241\173\227\145\271\154\325\213\272\122\033\145\260}{section.6.4}% 52
\BOOKMARK [2][-]{subsection.6.4.3}{\376\377\164\006\213\272\123\321\134\125\215\357\176\277\126\376}{section.6.4}% 53
\BOOKMARK [1][-]{section.6.5}{\376\377\164\006\213\272\166\204\124\362\133\146\116\016\177\216\133\146\116\367\120\074}{chapter.6}% 54
\BOOKMARK [2][-]{subsection.6.5.1}{\376\377\124\362\133\146\116\367\120\074}{section.6.5}% 55
\BOOKMARK [2][-]{subsection.6.5.2}{\376\377\177\216\133\146\116\367\120\074}{section.6.5}% 56
\BOOKMARK [0][-]{chapter.7}{\376\377\133\207\133\231\147\054\213\272\133\371\163\260\116\343\162\151\164\006\133\146\166\204\124\057\171\072}{}% 57
\BOOKMARK [1][-]{section.7.1}{\376\377\164\006\213\272\162\151\164\006\166\204\145\260\203\003\137\017}{chapter.7}% 58
\BOOKMARK [2][-]{subsection.7.1.1}{\376\377\116\316\217\336\176\355\122\060\171\273\145\143\166\204\203\003\137\017\217\154\123\330}{section.7.1}% 59
\BOOKMARK [2][-]{subsection.7.1.2}{\376\377\176\337\116\000\123\237\164\006\166\204\221\315\145\260\140\035\200\003}{section.7.1}% 60
\BOOKMARK [1][-]{section.7.2}{\376\377\145\160\133\146\116\016\162\151\164\006\166\204\176\337\116\000\211\306\211\322}{chapter.7}% 61
\BOOKMARK [2][-]{subsection.7.2.1}{\376\377\162\151\164\006\133\146\116\055\166\204\137\142\137\017\123\026\145\160\133\146}{section.7.2}% 62
\BOOKMARK [2][-]{subsection.7.2.2}{\376\377\116\316\145\160\133\146\176\323\147\204\122\060\162\151\164\006\211\304\137\213}{section.7.2}% 63
\BOOKMARK [1][-]{section.7.3}{\376\377\117\341\140\157\164\006\213\272\127\050\162\151\164\006\133\146\116\055\166\204\150\070\137\303\127\060\117\115}{chapter.7}% 64
\BOOKMARK [2][-]{subsection.7.3.1}{\376\377\117\341\140\157\117\134\116\072\162\151\164\006\127\372\147\054\221\317}{section.7.3}% 65
\BOOKMARK [2][-]{subsection.7.3.2}{\376\377\221\317\133\120\117\341\140\157\116\016\162\151\164\006\127\372\170\100}{section.7.3}% 66
\BOOKMARK [1][-]{section.7.4}{\376\377\133\371\171\360\140\047\116\016\133\210\140\122\127\050\133\207\133\231\147\054\213\272\116\055\166\204\210\150\163\260}{chapter.7}% 67
\BOOKMARK [2][-]{subsection.7.4.1}{\376\377\133\371\171\360\140\047\166\204\117\341\140\157\213\272\127\372\170\100}{section.7.4}% 68
\BOOKMARK [2][-]{subsection.7.4.2}{\376\377\133\210\140\122\133\232\137\213\166\204\000X\000O\000R\210\150\217\276}{section.7.4}% 69
\BOOKMARK [1][-]{section.7.5}{\376\377\133\207\133\231\141\017\213\306\116\016\211\302\155\113\200\005\225\356\230\230\166\204\145\260\211\306\211\322}{chapter.7}% 70
\BOOKMARK [2][-]{subsection.7.5.1}{\376\377\211\302\133\337\200\005\117\134\116\072\133\207\133\231\201\352\123\302\161\147\176\323\147\204}{section.7.5}% 71
\BOOKMARK [2][-]{subsection.7.5.2}{\376\377\221\317\133\120\155\113\221\317\166\204\211\343\221\312\116\016\141\017\213\306\225\356\230\230}{section.7.5}% 72
\BOOKMARK [1][-]{section.7.6}{\376\377\116\016\147\150\143\057\133\201\145\131\143\210\164\006\137\365\166\204\121\161\236\043\116\016\123\321\134\125}{chapter.7}% 73
\BOOKMARK [2][-]{subsection.7.6.1}{\376\377\121\161\124\014\166\204\164\006\213\272\217\375\154\102}{section.7.6}% 74
\BOOKMARK [2][-]{subsection.7.6.2}{\376\377\133\371\147\150\145\131\143\210\135\345\117\134\166\204\176\347\142\177\116\016\123\321\134\125}{section.7.6}% 75
\BOOKMARK [2][-]{subsection.7.6.3}{\376\377\164\006\213\272\162\151\164\006\166\204\147\052\147\145\145\271\124\021}{section.7.6}% 76
\BOOKMARK [0][-]{chapter.8}{\376\377\176\323\213\355\116\016\134\125\147\033}{}% 77
\BOOKMARK [1][-]{section.8.1}{\376\377\164\006\213\272\123\321\134\125\116\016\133\214\125\204\145\271\124\021}{chapter.8}% 78
\BOOKMARK [2][-]{subsection.8.1.1}{\376\377\145\160\133\146\127\372\170\100\166\204\155\361\123\026}{section.8.1}% 79
\BOOKMARK [2][-]{subsection.8.1.2}{\376\377\162\151\164\006\230\204\155\113\166\204\174\276\170\156\123\026}{section.8.1}% 80
\BOOKMARK [2][-]{subsection.8.1.3}{\376\377\116\016\163\260\147\011\164\006\213\272\166\204\210\124\143\245}{section.8.1}% 81
\BOOKMARK [1][-]{section.8.2}{\376\377\124\021\147\150\143\057\133\201\145\131\143\210\201\364\145\154}{chapter.8}% 82
\BOOKMARK [2][-]{subsection.8.2.1}{\376\377\147\150\145\131\143\210\166\204\116\015\147\075\215\041\163\056}{section.8.2}% 83
\BOOKMARK [2][-]{subsection.8.2.2}{\376\377\147\150\145\131\143\210\166\204\171\321\133\146\174\276\171\136}{section.8.2}% 84
\BOOKMARK [2][-]{subsection.8.2.3}{\376\377\133\207\133\231\147\054\213\272\133\371\147\150\145\131\143\210\135\345\117\134\166\204\124\174\136\224}{section.8.2}% 85
\BOOKMARK [1][-]{section.8.3}{\376\377\121\163\116\216\124\010\117\134\116\016\121\161\124\014\217\333\153\145\166\204\134\125\147\033}{chapter.8}% 86
\BOOKMARK [2][-]{subsection.8.3.1}{\376\377\124\021\147\150\145\131\143\210\213\367\145\131\166\204\141\077\147\033}{section.8.3}% 87
\BOOKMARK [2][-]{subsection.8.3.2}{\376\377\171\321\133\146\121\161\124\014\117\123\166\204\124\010\117\134}{section.8.3}% 88
\BOOKMARK [2][-]{subsection.8.3.3}{\376\377\121\163\116\216\171\321\133\146\174\276\171\136\166\204\117\040\142\177}{section.8.3}% 89
\BOOKMARK [1][-]{section.8.4}{\376\377\147\000\124\016\166\204\213\335}{chapter.8}% 90
